<?xml version="1.0" encoding="UTF-8"?>
<!-- Generated by org.testng.reporters.JUnitXMLReporter -->
<testsuite hostname="GauravRasal" ignored="0" name="Default test" tests="4" failures="0" timestamp="2022-01-08T01:29:31 IST" time="0.091" errors="0">
  <testcase name="planning" time="0.007" classname="test.Day1"/>
  <testcase name="planning1" time="0.004" classname="test.Day1"/>
  <testcase name="planning2" time="0.003" classname="test.Day1"/>
  <testcase name="planning3" time="0.002" classname="test.Day1"/>
</testsuite> <!-- Default test -->
