<?xml version="1.0" encoding="UTF-8"?>
<!-- Generated by org.testng.reporters.JUnitXMLReporter -->
<testsuite hostname="GauravRasal" ignored="2" name="Chaitu Pilankar" tests="1" failures="0" timestamp="2021-10-22T01:42:20 IST" time="0.007" errors="0">
  <testcase name="chating" time="0.003" classname="test.Day3"/>
  <testcase name="chating1" time="0.0" classname="test.Day3">
    <ignored/>
  </testcase> <!-- chating1 -->
  <testcase name="chating2" time="0.0" classname="test.Day3">
    <ignored/>
  </testcase> <!-- chating2 -->
</testsuite> <!-- Chaitu Pilankar -->
