<?xml version="1.0" encoding="UTF-8"?>
<!-- Generated by org.testng.reporters.JUnitXMLReporter -->
<testsuite hostname="GauravRasal" ignored="0" name="Connection" tests="15" failures="0" timestamp="2021-10-22T00:13:28 IST" time="0.25" errors="0">
  <testcase name="Planning" time="0.029" classname="test.Day1"/>
  <testcase name="Planning1" time="0.003" classname="test.Day1"/>
  <testcase name="Planning2" time="0.004" classname="test.Day1"/>
  <testcase name="Planning3" time="0.003" classname="test.Day1"/>
  <testcase name="meeting" time="0.002" classname="test.Day2"/>
  <testcase name="meeting1" time="0.003" classname="test.Day2"/>
  <testcase name="meeting2" time="0.002" classname="test.Day2"/>
  <testcase name="meeting3" time="0.002" classname="test.Day2"/>
  <testcase name="chating" time="0.003" classname="test.Day3"/>
  <testcase name="chating1" time="0.004" classname="test.Day3"/>
  <testcase name="Final" time="0.005" classname="test.Day4"/>
  <testcase name="Final1" time="0.007" classname="test.Day4"/>
  <testcase name="Final2" time="0.002" classname="test.Day4"/>
  <testcase name="Final3" time="0.01" classname="test.Day4"/>
  <testcase name="Final4" time="0.002" classname="test.Day4"/>
</testsuite> <!-- Connection -->
