<?xml version="1.0" encoding="UTF-8"?>
<!-- Generated by org.testng.reporters.JUnitXMLReporter -->
<testsuite hostname="GauravRasal" ignored="0" name="Gaurav Rasal" tests="13" failures="0" timestamp="2021-10-22T01:42:20 IST" time="0.176" errors="0">
  <testcase name="planning" time="0.019" classname="test.Day1"/>
  <testcase name="planning1" time="0.005" classname="test.Day1"/>
  <testcase name="planning2" time="0.003" classname="test.Day1"/>
  <testcase name="planning3" time="0.001" classname="test.Day1"/>
  <testcase name="meeting" time="0.002" classname="test.Day2"/>
  <testcase name="meeting1" time="0.003" classname="test.Day2"/>
  <testcase name="meeting2" time="0.007" classname="test.Day2"/>
  <testcase name="meeting3" time="0.002" classname="test.Day2"/>
  <testcase name="Dating" time="0.002" classname="test.Day4"/>
  <testcase name="Dating1" time="0.003" classname="test.Day4"/>
  <testcase name="Dating2" time="0.002" classname="test.Day4"/>
  <testcase name="Dating3" time="0.001" classname="test.Day4"/>
  <testcase name="Dating4" time="0.003" classname="test.Day4"/>
</testsuite> <!-- Gaurav Rasal -->
