<?xml version="1.0" encoding="UTF-8"?>
<testng-results skipped="0" failed="0" ignored="0" total="4" passed="4">
  <reporter-output>
  </reporter-output>
  <suite name="Default suite" duration-ms="91" started-at="2022-01-08T01:29:31 IST" finished-at="2022-01-08T01:29:31 IST">
    <groups>
    </groups>
    <test name="Default test" duration-ms="91" started-at="2022-01-08T01:29:31 IST" finished-at="2022-01-08T01:29:31 IST">
      <class name="test.Day1">
        <test-method status="PASS" signature="beforeSuite()[pri:0, instance:test.Day1@59e5ddf]" name="beforeSuite" is-config="true" duration-ms="13" started-at="2022-01-08T01:29:31 IST" finished-at="2022-01-08T01:29:31 IST">
          <reporter-output>
          </reporter-output>
        </test-method> <!-- beforeSuite -->
        <test-method status="PASS" signature="beforeTesting()[pri:0, instance:test.Day1@59e5ddf]" name="beforeTesting" is-config="true" duration-ms="1" started-at="2022-01-08T01:29:31 IST" finished-at="2022-01-08T01:29:31 IST">
          <reporter-output>
          </reporter-output>
        </test-method> <!-- beforeTesting -->
        <test-method status="PASS" signature="beforeMethods()[pri:0, instance:test.Day1@59e5ddf]" name="beforeMethods" is-config="true" duration-ms="0" started-at="2022-01-08T01:29:31 IST" finished-at="2022-01-08T01:29:31 IST">
          <reporter-output>
          </reporter-output>
        </test-method> <!-- beforeMethods -->
        <test-method status="PASS" signature="planning()[pri:0, instance:test.Day1@59e5ddf]" name="planning" duration-ms="7" started-at="2022-01-08T01:29:31 IST" finished-at="2022-01-08T01:29:31 IST">
          <reporter-output>
          </reporter-output>
        </test-method> <!-- planning -->
        <test-method status="PASS" signature="afterMethods()[pri:0, instance:test.Day1@59e5ddf]" name="afterMethods" is-config="true" duration-ms="0" started-at="2022-01-08T01:29:31 IST" finished-at="2022-01-08T01:29:31 IST">
          <reporter-output>
          </reporter-output>
        </test-method> <!-- afterMethods -->
        <test-method status="PASS" signature="beforeMethods()[pri:0, instance:test.Day1@59e5ddf]" name="beforeMethods" is-config="true" duration-ms="1" started-at="2022-01-08T01:29:31 IST" finished-at="2022-01-08T01:29:31 IST">
          <reporter-output>
          </reporter-output>
        </test-method> <!-- beforeMethods -->
        <test-method status="PASS" signature="planning1()[pri:0, instance:test.Day1@59e5ddf]" name="planning1" duration-ms="4" started-at="2022-01-08T01:29:31 IST" finished-at="2022-01-08T01:29:31 IST">
          <reporter-output>
          </reporter-output>
        </test-method> <!-- planning1 -->
        <test-method status="PASS" signature="afterMethods()[pri:0, instance:test.Day1@59e5ddf]" name="afterMethods" is-config="true" duration-ms="1" started-at="2022-01-08T01:29:31 IST" finished-at="2022-01-08T01:29:31 IST">
          <reporter-output>
          </reporter-output>
        </test-method> <!-- afterMethods -->
        <test-method status="PASS" signature="beforeMethods()[pri:0, instance:test.Day1@59e5ddf]" name="beforeMethods" is-config="true" duration-ms="0" started-at="2022-01-08T01:29:31 IST" finished-at="2022-01-08T01:29:31 IST">
          <reporter-output>
          </reporter-output>
        </test-method> <!-- beforeMethods -->
        <test-method status="PASS" signature="planning2()[pri:0, instance:test.Day1@59e5ddf]" name="planning2" duration-ms="3" started-at="2022-01-08T01:29:31 IST" finished-at="2022-01-08T01:29:31 IST">
          <reporter-output>
          </reporter-output>
        </test-method> <!-- planning2 -->
        <test-method status="PASS" signature="afterMethods()[pri:0, instance:test.Day1@59e5ddf]" name="afterMethods" is-config="true" duration-ms="1" started-at="2022-01-08T01:29:31 IST" finished-at="2022-01-08T01:29:31 IST">
          <reporter-output>
          </reporter-output>
        </test-method> <!-- afterMethods -->
        <test-method status="PASS" signature="beforeMethods()[pri:0, instance:test.Day1@59e5ddf]" name="beforeMethods" is-config="true" duration-ms="2" started-at="2022-01-08T01:29:31 IST" finished-at="2022-01-08T01:29:31 IST">
          <reporter-output>
          </reporter-output>
        </test-method> <!-- beforeMethods -->
        <test-method status="PASS" signature="planning3()[pri:0, instance:test.Day1@59e5ddf]" name="planning3" duration-ms="2" started-at="2022-01-08T01:29:31 IST" finished-at="2022-01-08T01:29:31 IST">
          <reporter-output>
          </reporter-output>
        </test-method> <!-- planning3 -->
        <test-method status="PASS" signature="afterMethods()[pri:0, instance:test.Day1@59e5ddf]" name="afterMethods" is-config="true" duration-ms="0" started-at="2022-01-08T01:29:31 IST" finished-at="2022-01-08T01:29:31 IST">
          <reporter-output>
          </reporter-output>
        </test-method> <!-- afterMethods -->
        <test-method status="PASS" signature="afterTesting()[pri:0, instance:test.Day1@59e5ddf]" name="afterTesting" is-config="true" duration-ms="0" started-at="2022-01-08T01:29:31 IST" finished-at="2022-01-08T01:29:31 IST">
          <reporter-output>
          </reporter-output>
        </test-method> <!-- afterTesting -->
        <test-method status="PASS" signature="afterSuite()[pri:0, instance:test.Day1@59e5ddf]" name="afterSuite" is-config="true" duration-ms="1" started-at="2022-01-08T01:29:31 IST" finished-at="2022-01-08T01:29:31 IST">
          <reporter-output>
          </reporter-output>
        </test-method> <!-- afterSuite -->
      </class> <!-- test.Day1 -->
    </test> <!-- Default test -->
  </suite> <!-- Default suite -->
</testng-results>
